[unifyTypes] I find the left type variable occurs in the right type.

  left type variable: 'A₂
  right type: 'A₂ List List

[unifyTypes] I fail to unify types.

  left: 'A₂
  right: 'A₂ List List

[compose] I fail compose word.

  word: cons

 27 |rule cons append
 28 |  (cons)-head
 29 |  (append)-rest (cons)-tail append
 30 |  cons
 31 |  result-(append)
 32 |end

[DefineRule.execute] I fail to define rule.

  rule nodes: cons append

 23 |  (append)-rest
 24 |  result-(append)
 25 |end
 26 |
 27 |rule cons append
 28 |  (cons)-head
 29 |  (append)-rest (cons)-tail append
 30 |  cons
 31 |  result-(append)
 32 |end
 33 |
 34 |// The correct definition is:
